mode: atomic
github.com/rafaelmarinho/pulsecheck/internal/registry/monitor.go:40.28,42.33 2 10
github.com/rafaelmarinho/pulsecheck/internal/registry/monitor.go:42.33,46.3 1 160
github.com/rafaelmarinho/pulsecheck/internal/registry/monitor.go:47.2,47.10 1 10
github.com/rafaelmarinho/pulsecheck/internal/registry/monitor.go:52.48,58.2 4 1133
github.com/rafaelmarinho/pulsecheck/internal/registry/monitor.go:61.39,65.24 4 116
github.com/rafaelmarinho/pulsecheck/internal/registry/monitor.go:65.24,67.3 1 0
github.com/rafaelmarinho/pulsecheck/internal/registry/monitor.go:68.2,71.3 1 116
github.com/rafaelmarinho/pulsecheck/internal/registry/monitor.go:76.90,80.24 4 1012
github.com/rafaelmarinho/pulsecheck/internal/registry/monitor.go:80.24,82.3 1 0
github.com/rafaelmarinho/pulsecheck/internal/registry/monitor.go:84.2,98.25 7 1012
github.com/rafaelmarinho/pulsecheck/internal/registry/monitor.go:98.26,101.3 0 1012
github.com/rafaelmarinho/pulsecheck/internal/registry/monitor.go:103.2,103.26 1 1012
github.com/rafaelmarinho/pulsecheck/internal/registry/monitor.go:107.115,111.24 4 1
github.com/rafaelmarinho/pulsecheck/internal/registry/monitor.go:111.24,113.3 1 0
github.com/rafaelmarinho/pulsecheck/internal/registry/monitor.go:114.2,121.3 1 1
github.com/rafaelmarinho/pulsecheck/internal/registry/monitor.go:125.50,129.33 2 2
github.com/rafaelmarinho/pulsecheck/internal/registry/monitor.go:129.33,132.33 3 32
github.com/rafaelmarinho/pulsecheck/internal/registry/monitor.go:132.33,134.4 1 3
github.com/rafaelmarinho/pulsecheck/internal/registry/monitor.go:135.3,135.21 1 32
github.com/rafaelmarinho/pulsecheck/internal/registry/monitor.go:138.2,138.15 1 2
github.com/rafaelmarinho/pulsecheck/internal/registry/monitor.go:142.38,144.33 2 7
github.com/rafaelmarinho/pulsecheck/internal/registry/monitor.go:144.33,149.3 4 112
github.com/rafaelmarinho/pulsecheck/internal/registry/monitor.go:150.2,150.14 1 7
github.com/rafaelmarinho/pulsecheck/internal/registry/monitor.go:154.61,160.2 5 4
github.com/rafaelmarinho/pulsecheck/internal/registry/monitor.go:164.78,166.21 2 2
github.com/rafaelmarinho/pulsecheck/internal/registry/monitor.go:166.21,168.34 1 16
github.com/rafaelmarinho/pulsecheck/internal/registry/monitor.go:168.34,171.40 3 256
github.com/rafaelmarinho/pulsecheck/internal/registry/monitor.go:171.40,172.44 1 8
github.com/rafaelmarinho/pulsecheck/internal/registry/monitor.go:172.44,175.6 2 1
github.com/rafaelmarinho/pulsecheck/internal/registry/monitor.go:177.4,177.21 1 256
github.com/rafaelmarinho/pulsecheck/internal/registry/network.go:34.82,41.16 3 0
github.com/rafaelmarinho/pulsecheck/internal/registry/network.go:41.16,43.3 1 0
github.com/rafaelmarinho/pulsecheck/internal/registry/network.go:45.2,46.21 2 0
github.com/rafaelmarinho/pulsecheck/internal/registry/network.go:46.21,48.3 1 0
github.com/rafaelmarinho/pulsecheck/internal/registry/network.go:52.2,66.27 3 0
github.com/rafaelmarinho/pulsecheck/internal/registry/network.go:66.27,68.4 1 0
github.com/rafaelmarinho/pulsecheck/internal/registry/network.go:71.2,71.18 1 0
github.com/rafaelmarinho/pulsecheck/internal/registry/network.go:75.27,82.6 3 0
github.com/rafaelmarinho/pulsecheck/internal/registry/network.go:82.6,83.10 1 0
github.com/rafaelmarinho/pulsecheck/internal/registry/network.go:84.21,89.10 3 0
github.com/rafaelmarinho/pulsecheck/internal/registry/network.go:90.11,95.18 3 0
github.com/rafaelmarinho/pulsecheck/internal/registry/network.go:95.18,98.13 2 0
github.com/rafaelmarinho/pulsecheck/internal/registry/network.go:101.4,101.32 1 0
github.com/rafaelmarinho/pulsecheck/internal/registry/network.go:101.32,104.13 2 0
github.com/rafaelmarinho/pulsecheck/internal/registry/network.go:109.4,116.11 4 0
github.com/rafaelmarinho/pulsecheck/internal/registry/network.go:117.65,117.65 0 0
github.com/rafaelmarinho/pulsecheck/internal/registry/network.go:119.12,122.69 1 0
github.com/rafaelmarinho/pulsecheck/internal/registry/network.go:129.34,130.37 1 0
github.com/rafaelmarinho/pulsecheck/internal/registry/network.go:130.37,133.3 2 0
github.com/rafaelmarinho/pulsecheck/internal/registry/network.go:137.34,140.32 2 0
github.com/rafaelmarinho/pulsecheck/internal/registry/network.go:140.32,142.3 1 0
github.com/rafaelmarinho/pulsecheck/internal/registry/network.go:146.64,148.16 2 0
github.com/rafaelmarinho/pulsecheck/internal/registry/network.go:148.16,151.3 2 0
github.com/rafaelmarinho/pulsecheck/internal/registry/network.go:154.2,162.68 5 0
github.com/rafaelmarinho/pulsecheck/internal/registry/network.go:166.62,169.16 3 0
github.com/rafaelmarinho/pulsecheck/internal/registry/network.go:169.16,171.3 1 0
github.com/rafaelmarinho/pulsecheck/internal/registry/network.go:173.2,175.31 3 0
github.com/rafaelmarinho/pulsecheck/internal/registry/network.go:175.31,177.3 1 0
github.com/rafaelmarinho/pulsecheck/internal/registry/network.go:178.2,181.21 2 0
github.com/rafaelmarinho/pulsecheck/internal/registry/network.go:181.21,184.3 1 0
github.com/rafaelmarinho/pulsecheck/internal/registry/network.go:187.2,187.29 1 0
github.com/rafaelmarinho/pulsecheck/internal/registry/network.go:187.29,189.17 2 0
github.com/rafaelmarinho/pulsecheck/internal/registry/network.go:189.17,191.4 1 0
github.com/rafaelmarinho/pulsecheck/internal/registry/network.go:194.2,194.12 1 0
github.com/rafaelmarinho/pulsecheck/internal/registry/network.go:199.75,201.16 2 0
github.com/rafaelmarinho/pulsecheck/internal/registry/network.go:201.16,203.3 1 0
github.com/rafaelmarinho/pulsecheck/internal/registry/network.go:205.2,207.16 3 0
github.com/rafaelmarinho/pulsecheck/internal/registry/network.go:207.16,209.3 1 0
github.com/rafaelmarinho/pulsecheck/internal/registry/network.go:211.2,212.16 2 0
github.com/rafaelmarinho/pulsecheck/internal/registry/network.go:212.16,214.3 1 0
github.com/rafaelmarinho/pulsecheck/internal/registry/network.go:218.2,224.12 6 0
github.com/rafaelmarinho/pulsecheck/internal/registry/network.go:228.49,230.16 2 0
github.com/rafaelmarinho/pulsecheck/internal/registry/network.go:230.16,232.3 1 0
github.com/rafaelmarinho/pulsecheck/internal/registry/network.go:234.2,238.12 4 0
github.com/rafaelmarinho/pulsecheck/internal/registry/network.go:242.39,244.2 1 0
github.com/rafaelmarinho/pulsecheck/internal/registry/network.go:247.26,250.2 2 0
github.com/rafaelmarinho/pulsecheck/internal/display/reporter.go:42.70,49.2 1 7
github.com/rafaelmarinho/pulsecheck/internal/display/reporter.go:52.50,56.6 3 1
github.com/rafaelmarinho/pulsecheck/internal/display/reporter.go:56.6,57.10 1 6
github.com/rafaelmarinho/pulsecheck/internal/display/reporter.go:58.21,59.10 1 1
github.com/rafaelmarinho/pulsecheck/internal/display/reporter.go:60.19,61.14 1 5
github.com/rafaelmarinho/pulsecheck/internal/display/reporter.go:67.27,69.2 1 1
github.com/rafaelmarinho/pulsecheck/internal/display/reporter.go:72.29,73.16 1 10
github.com/rafaelmarinho/pulsecheck/internal/display/reporter.go:73.16,75.3 1 3
github.com/rafaelmarinho/pulsecheck/internal/display/reporter.go:75.8,77.3 1 7
github.com/rafaelmarinho/pulsecheck/internal/display/reporter.go:81.34,87.16 4 7
github.com/rafaelmarinho/pulsecheck/internal/display/reporter.go:87.16,90.3 2 6
github.com/rafaelmarinho/pulsecheck/internal/display/reporter.go:92.2,92.32 1 1
github.com/rafaelmarinho/pulsecheck/internal/display/reporter.go:92.32,99.73 4 1
github.com/rafaelmarinho/pulsecheck/internal/display/reporter.go:99.73,102.4 1 1
github.com/rafaelmarinho/pulsecheck/internal/display/reporter.go:104.3,104.19 1 1
github.com/rafaelmarinho/pulsecheck/internal/display/reporter.go:104.19,106.4 1 0
github.com/rafaelmarinho/pulsecheck/internal/display/reporter.go:108.3,108.25 1 1
github.com/rafaelmarinho/pulsecheck/internal/display/reporter.go:113.33,123.32 4 3
github.com/rafaelmarinho/pulsecheck/internal/display/reporter.go:123.32,133.73 3 2
github.com/rafaelmarinho/pulsecheck/internal/display/reporter.go:133.73,137.4 3 2
github.com/rafaelmarinho/pulsecheck/internal/display/reporter.go:139.3,139.19 1 2
github.com/rafaelmarinho/pulsecheck/internal/display/reporter.go:139.19,141.4 1 0
github.com/rafaelmarinho/pulsecheck/internal/display/reporter.go:143.3,143.34 1 2
github.com/rafaelmarinho/pulsecheck/internal/display/reporter.go:146.2,148.47 3 3
github.com/rafaelmarinho/pulsecheck/internal/display/reporter.go:148.47,150.3 1 0
github.com/rafaelmarinho/pulsecheck/internal/display/reporter.go:154.44,155.14 1 7
github.com/rafaelmarinho/pulsecheck/internal/display/reporter.go:156.9,157.14 1 2
github.com/rafaelmarinho/pulsecheck/internal/display/reporter.go:158.9,159.16 1 3
github.com/rafaelmarinho/pulsecheck/internal/display/reporter.go:160.9,161.20 1 1
github.com/rafaelmarinho/pulsecheck/internal/display/reporter.go:162.10,163.19 1 1
github.com/rafaelmarinho/pulsecheck/cmd/node/main.go:17.13,54.16 18 0
github.com/rafaelmarinho/pulsecheck/cmd/node/main.go:54.16,56.3 1 0
github.com/rafaelmarinho/pulsecheck/cmd/node/main.go:59.2,62.21 2 0
github.com/rafaelmarinho/pulsecheck/cmd/node/main.go:62.21,65.17 2 0
github.com/rafaelmarinho/pulsecheck/cmd/node/main.go:65.17,68.4 2 0
github.com/rafaelmarinho/pulsecheck/cmd/node/main.go:69.3,72.78 2 0
github.com/rafaelmarinho/pulsecheck/cmd/node/main.go:72.78,75.4 2 0
github.com/rafaelmarinho/pulsecheck/cmd/node/main.go:75.9,77.4 1 0
github.com/rafaelmarinho/pulsecheck/cmd/node/main.go:81.2,98.21 11 0
github.com/rafaelmarinho/pulsecheck/cmd/node/main.go:98.21,100.3 1 0
github.com/rafaelmarinho/pulsecheck/cmd/node/main.go:101.2,101.17 1 0
github.com/rafaelmarinho/pulsecheck/cmd/node/main.go:101.17,103.3 1 0
github.com/rafaelmarinho/pulsecheck/cmd/node/main.go:106.2,106.6 1 0
github.com/rafaelmarinho/pulsecheck/cmd/node/main.go:106.6,107.10 1 0
github.com/rafaelmarinho/pulsecheck/cmd/node/main.go:108.18,111.10 3 0
github.com/rafaelmarinho/pulsecheck/cmd/node/main.go:113.28,116.18 2 0
github.com/rafaelmarinho/pulsecheck/cmd/node/main.go:116.18,118.13 2 0
github.com/rafaelmarinho/pulsecheck/cmd/node/main.go:122.4,135.72 4 0
github.com/rafaelmarinho/pulsecheck/cmd/node/main.go:135.72,137.5 1 0
github.com/rafaelmarinho/pulsecheck/cmd/node/main.go:143.47,146.18 2 0
github.com/rafaelmarinho/pulsecheck/cmd/node/main.go:146.18,149.17 2 0
github.com/rafaelmarinho/pulsecheck/cmd/node/main.go:149.17,151.4 1 0
github.com/rafaelmarinho/pulsecheck/cmd/node/main.go:152.3,152.20 1 0
github.com/rafaelmarinho/pulsecheck/cmd/node/main.go:157.2,161.22 3 0
github.com/rafaelmarinho/pulsecheck/cmd/node/main.go:161.22,163.3 1 0
github.com/rafaelmarinho/pulsecheck/cmd/node/main.go:165.2,165.13 1 0
github.com/rafaelmarinho/pulsecheck/cmd/node/main.go:169.34,171.40 2 0
github.com/rafaelmarinho/pulsecheck/cmd/node/main.go:171.40,173.3 1 0
github.com/rafaelmarinho/pulsecheck/cmd/node/main.go:174.2,174.13 1 0
github.com/rafaelmarinho/pulsecheck/test/helpers/test_helpers.go:10.101,15.34 4 0
github.com/rafaelmarinho/pulsecheck/test/helpers/test_helpers.go:15.34,16.10 1 0
github.com/rafaelmarinho/pulsecheck/test/helpers/test_helpers.go:17.21,18.20 1 0
github.com/rafaelmarinho/pulsecheck/test/helpers/test_helpers.go:19.19,22.18 3 0
github.com/rafaelmarinho/pulsecheck/test/helpers/test_helpers.go:22.18,23.13 1 0
github.com/rafaelmarinho/pulsecheck/test/helpers/test_helpers.go:26.4,26.23 1 0
github.com/rafaelmarinho/pulsecheck/test/helpers/test_helpers.go:26.23,29.5 1 0
github.com/rafaelmarinho/pulsecheck/test/helpers/test_helpers.go:33.2,33.12 1 0
github.com/rafaelmarinho/pulsecheck/test/helpers/test_helpers.go:37.93,40.16 3 0
github.com/rafaelmarinho/pulsecheck/test/helpers/test_helpers.go:40.16,42.3 1 0
github.com/rafaelmarinho/pulsecheck/test/helpers/test_helpers.go:44.2,44.28 1 0
github.com/rafaelmarinho/pulsecheck/internal/protocol/packet.go:26.43,43.2 9 6
github.com/rafaelmarinho/pulsecheck/internal/protocol/packet.go:46.43,47.29 1 6
github.com/rafaelmarinho/pulsecheck/internal/protocol/packet.go:47.29,49.3 1 1
github.com/rafaelmarinho/pulsecheck/internal/protocol/packet.go:52.2,58.42 3 5
github.com/rafaelmarinho/pulsecheck/internal/protocol/packet.go:58.42,60.3 1 1
github.com/rafaelmarinho/pulsecheck/internal/protocol/packet.go:63.2,72.15 3 4
github.com/rafaelmarinho/pulsecheck/internal/protocol/packet.go:76.61,83.2 1 1
github.com/rafaelmarinho/pulsecheck/internal/telemetry/collector.go:27.37,36.2 1 1
github.com/rafaelmarinho/pulsecheck/internal/telemetry/collector.go:48.41,51.16 2 0
github.com/rafaelmarinho/pulsecheck/internal/telemetry/collector.go:51.16,53.3 1 0
github.com/rafaelmarinho/pulsecheck/internal/telemetry/collector.go:54.2,55.25 2 0
github.com/rafaelmarinho/pulsecheck/internal/telemetry/collector.go:55.25,57.3 1 0
github.com/rafaelmarinho/pulsecheck/internal/telemetry/collector.go:60.2,61.16 2 0
github.com/rafaelmarinho/pulsecheck/internal/telemetry/collector.go:61.16,63.3 1 0
github.com/rafaelmarinho/pulsecheck/internal/telemetry/collector.go:66.2,67.16 2 0
github.com/rafaelmarinho/pulsecheck/internal/telemetry/collector.go:67.16,69.3 1 0
github.com/rafaelmarinho/pulsecheck/internal/telemetry/collector.go:71.2,75.8 1 0
github.com/rafaelmarinho/pulsecheck/internal/telemetry/collector.go:79.74,83.50 1 22
github.com/rafaelmarinho/pulsecheck/internal/telemetry/collector.go:83.50,85.3 1 9
github.com/rafaelmarinho/pulsecheck/internal/telemetry/collector.go:88.2,90.46 1 13
github.com/rafaelmarinho/pulsecheck/internal/telemetry/collector.go:90.46,92.3 1 8
github.com/rafaelmarinho/pulsecheck/internal/telemetry/collector.go:95.2,95.17 1 5
